<?xml version="1.0" encoding="UTF-8"?>
<!-- Generated by org.testng.reporters.JUnitReportReporter -->
<testsuite hostname="PRASAD-CHINTHA" failures="0" tests="2" name="seleniumpractise.samplesuite" time="0.019" errors="0" timestamp="2024-01-04T10:08:58 IST" skipped="0">
  <testcase classname="seleniumpractise.samplesuite" name="Tc2" time="0.002"/>
  <system-out>
    <![CDATA[rnning Tc2]]>
  </system-out>
  <testcase classname="seleniumpractise.samplesuite" name="Tc1" time="0.017"/>
  <system-out>
    <![CDATA[rnning Tc1]]>
  </system-out>
</testsuite> <!-- seleniumpractise.samplesuite -->
