<?xml version="1.0" encoding="UTF-8"?>
<!-- Generated by org.testng.reporters.JUnitReportReporter -->
<testsuite hostname="PRASAD-CHINTHA" failures="0" tests="1" name="testng.Timeout" time="0.011" errors="0" timestamp="2023-12-27T11:00:50 IST" skipped="0">
  <testcase classname="testng.Timeout" name="tc" time="0.011"/>
  <system-out>
    <![CDATA[venkyy]]>
  </system-out>
</testsuite> <!-- testng.Timeout -->
