<?xml version="1.0" encoding="UTF-8"?>
<!-- Generated by org.testng.reporters.JUnitReportReporter -->
<testsuite hostname="PRASAD-CHINTHA" failures="0" tests="3" name="batchexecution.sample3" time="0.023" errors="0" timestamp="2024-01-02T10:28:39 IST" skipped="0">
  <testcase classname="batchexecution.sample3" name="tc9" time="0.004"/>
  <system-out>
    <![CDATA[running tc9]]>
  </system-out>
  <testcase classname="batchexecution.sample3" name="tc8" time="0.003"/>
  <system-out>
    <![CDATA[running tc8]]>
  </system-out>
  <testcase classname="batchexecution.sample3" name="tc7" time="0.016"/>
  <system-out>
    <![CDATA[running tc7]]>
  </system-out>
</testsuite> <!-- batchexecution.sample3 -->
