<?xml version="1.0" encoding="UTF-8"?>
<!-- Generated by org.testng.reporters.JUnitReportReporter -->
<testsuite hostname="PRASAD-CHINTHA" failures="0" tests="3" name="batchexecution.sample2" time="0.006" errors="0" timestamp="2024-01-02T10:28:39 IST" skipped="0">
  <testcase classname="batchexecution.sample2" name="tc5" time="0.001"/>
  <system-out>
    <![CDATA[running tc5]]>
  </system-out>
  <testcase classname="batchexecution.sample2" name="tc6" time="0.001"/>
  <system-out>
    <![CDATA[running tc6]]>
  </system-out>
  <testcase classname="batchexecution.sample2" name="tc4" time="0.004"/>
  <system-out>
    <![CDATA[running tc4]]>
  </system-out>
</testsuite> <!-- batchexecution.sample2 -->
