<?xml version="1.0" encoding="UTF-8"?>
<!-- Generated by org.testng.reporters.JUnitReportReporter -->
<testsuite hostname="PRASAD-CHINTHA" failures="0" tests="2" name="Parallel_ecution.P1" time="57.860" errors="0" timestamp="2024-01-03T10:37:47 IST" skipped="0">
  <testcase classname="Parallel_ecution.P1" name="tc1" time="28.304"/>
  <system-out/>
  <testcase classname="Parallel_ecution.P1" name="tc1" time="29.556"/>
  <system-out/>
</testsuite> <!-- Parallel_ecution.P1 -->
