<?xml version="1.0" encoding="UTF-8"?>
<!-- Generated by org.testng.reporters.JUnitReportReporter -->
<testsuite hostname="PRASAD-CHINTHA" failures="0" tests="3" name="batchexecution.sample1" time="0.011" errors="0" timestamp="2024-01-02T10:28:39 IST" skipped="0">
  <testcase classname="batchexecution.sample1" name="tc1" time="0.006"/>
  <system-out>
    <![CDATA[running tc1]]>
  </system-out>
  <testcase classname="batchexecution.sample1" name="tc2" time="0.002"/>
  <system-out>
    <![CDATA[running tc2]]>
  </system-out>
  <testcase classname="batchexecution.sample1" name="tc3" time="0.003"/>
  <system-out>
    <![CDATA[running tc2]]>
  </system-out>
</testsuite> <!-- batchexecution.sample1 -->
