<?xml version="1.0" encoding="UTF-8"?>
<!-- Generated by org.testng.reporters.JUnitReportReporter -->
<testsuite hostname="PRASAD-CHINTHA" failures="0" tests="1" name="testng.anotations" time="0.020" errors="0" timestamp="2023-12-29T09:50:16 IST" skipped="0">
  <testcase classname="testng.anotations" name="TC" time="0.020"/>
  <system-out>
    <![CDATA[Hii]]>
  </system-out>
</testsuite> <!-- testng.anotations -->
