<?xml version="1.0" encoding="UTF-8"?>
<!-- Generated by org.testng.reporters.JUnitReportReporter -->
<testsuite hostname="PRASAD-CHINTHA" failures="0" tests="2" name="seleniumpractise.sampilesuit2" time="0.010" errors="0" timestamp="2024-01-04T10:40:40 IST" skipped="0">
  <testcase classname="seleniumpractise.sampilesuit2" name="Tc3" time="0.002"/>
  <system-out>
    <![CDATA[rnning Tc3]]>
  </system-out>
  <testcase classname="seleniumpractise.sampilesuit2" name="Tc1" time="0.008"/>
  <system-out>
    <![CDATA[running Tc1]]>
  </system-out>
</testsuite> <!-- seleniumpractise.sampilesuit2 -->
