<?xml version="1.0" encoding="UTF-8"?>
<!-- Generated by org.testng.reporters.JUnitReportReporter -->
<testsuite hostname="PRASAD-CHINTHA" failures="0" tests="3" name="seleniumpractise.classlevelchanges" time="0.016" errors="0" timestamp="2024-01-04T10:56:43 IST" skipped="0">
  <testcase classname="seleniumpractise.classlevelchanges" name="Tc3" time="0.005"/>
  <system-out>
    <![CDATA[running Tc3]]>
  </system-out>
  <testcase classname="seleniumpractise.classlevelchanges" name="Tc1" time="0.009"/>
  <system-out>
    <![CDATA[running Tc1]]>
  </system-out>
  <testcase classname="seleniumpractise.classlevelchanges" name="Tc2" time="0.002"/>
  <system-out>
    <![CDATA[running Tc2]]>
  </system-out>
</testsuite> <!-- seleniumpractise.classlevelchanges -->
